-------------------------------------------------------------------------------
Test set: com.sg.guessthenumber.data.GuessDaoDatabaseTest
-------------------------------------------------------------------------------
Tests run: 2, Failures: 0, Errors: 2, Skipped: 0, Time elapsed: 0.577 s <<< FAILURE! - in com.sg.guessthenumber.data.GuessDaoDatabaseTest
testGetGuessesByGameId(com.sg.guessthenumber.data.GuessDaoDatabaseTest)  Time elapsed: 0 s  <<< ERROR!
java.lang.IllegalStateException: Failed to load ApplicationContext
Caused by: org.springframework.beans.factory.UnsatisfiedDependencyException: Error creating bean with name 'guessTheNumberController' defined in file [/Users/roycerabanal/Desktop/TSGPart2/GuessTheNumber/target/classes/com/sg/guessthenumber/controllers/GuessTheNumberController.class]: Unsatisfied dependency expressed through constructor parameter 0; nested exception is org.springframework.beans.factory.UnsatisfiedDependencyException: Error creating bean with name 'guessTheNumberServiceFileImpl' defined in file [/Users/roycerabanal/Desktop/TSGPart2/GuessTheNumber/target/classes/com/sg/guessthenumber/servicelayer/GuessTheNumberServiceFileImpl.class]: Unsatisfied dependency expressed through constructor parameter 0; nested exception is org.springframework.beans.factory.NoSuchBeanDefinitionException: No qualifying bean of type 'com.sg.guessthenumber.data.GameDao' available: expected at least 1 bean which qualifies as autowire candidate. Dependency annotations: {}
Caused by: org.springframework.beans.factory.UnsatisfiedDependencyException: Error creating bean with name 'guessTheNumberServiceFileImpl' defined in file [/Users/roycerabanal/Desktop/TSGPart2/GuessTheNumber/target/classes/com/sg/guessthenumber/servicelayer/GuessTheNumberServiceFileImpl.class]: Unsatisfied dependency expressed through constructor parameter 0; nested exception is org.springframework.beans.factory.NoSuchBeanDefinitionException: No qualifying bean of type 'com.sg.guessthenumber.data.GameDao' available: expected at least 1 bean which qualifies as autowire candidate. Dependency annotations: {}
Caused by: org.springframework.beans.factory.NoSuchBeanDefinitionException: No qualifying bean of type 'com.sg.guessthenumber.data.GameDao' available: expected at least 1 bean which qualifies as autowire candidate. Dependency annotations: {}

testAddGuess(com.sg.guessthenumber.data.GuessDaoDatabaseTest)  Time elapsed: 0 s  <<< ERROR!
java.lang.IllegalStateException: Failed to load ApplicationContext
Caused by: org.springframework.beans.factory.UnsatisfiedDependencyException: Error creating bean with name 'guessTheNumberController' defined in file [/Users/roycerabanal/Desktop/TSGPart2/GuessTheNumber/target/classes/com/sg/guessthenumber/controllers/GuessTheNumberController.class]: Unsatisfied dependency expressed through constructor parameter 0; nested exception is org.springframework.beans.factory.UnsatisfiedDependencyException: Error creating bean with name 'guessTheNumberServiceFileImpl' defined in file [/Users/roycerabanal/Desktop/TSGPart2/GuessTheNumber/target/classes/com/sg/guessthenumber/servicelayer/GuessTheNumberServiceFileImpl.class]: Unsatisfied dependency expressed through constructor parameter 0; nested exception is org.springframework.beans.factory.NoSuchBeanDefinitionException: No qualifying bean of type 'com.sg.guessthenumber.data.GameDao' available: expected at least 1 bean which qualifies as autowire candidate. Dependency annotations: {}
Caused by: org.springframework.beans.factory.UnsatisfiedDependencyException: Error creating bean with name 'guessTheNumberServiceFileImpl' defined in file [/Users/roycerabanal/Desktop/TSGPart2/GuessTheNumber/target/classes/com/sg/guessthenumber/servicelayer/GuessTheNumberServiceFileImpl.class]: Unsatisfied dependency expressed through constructor parameter 0; nested exception is org.springframework.beans.factory.NoSuchBeanDefinitionException: No qualifying bean of type 'com.sg.guessthenumber.data.GameDao' available: expected at least 1 bean which qualifies as autowire candidate. Dependency annotations: {}
Caused by: org.springframework.beans.factory.NoSuchBeanDefinitionException: No qualifying bean of type 'com.sg.guessthenumber.data.GameDao' available: expected at least 1 bean which qualifies as autowire candidate. Dependency annotations: {}

