<?xml version="1.0" encoding="UTF-8"?>
<testsuite xmlns:xsi="http://www.w3.org/2001/XMLSchema-instance" xsi:noNamespaceSchemaLocation="https://maven.apache.org/surefire/maven-surefire-plugin/xsd/surefire-test-report.xsd" name="com.sg.guessthenumber.servicelayer.GuessTheNumberServiceLayerTest" time="6.248" tests="3" errors="0" skipped="0" failures="0">
  <properties>
[...]
</properties>
  <testcase name="testAddGame" classname="com.sg.guessthenumber.servicelayer.GuessTheNumberServiceLayerTest" time="0.544"/>
  <testcase name="testGetAllGames" classname="com.sg.guessthenumber.servicelayer.GuessTheNumberServiceLayerTest" time="0.019"/>
  <testcase name="testGetGameById" classname="com.sg.guessthenumber.servicelayer.GuessTheNumberServiceLayerTest" time="0.01"/>
</testsuite>