<?xml version="1.0" encoding="UTF-8"?>
<testsuite xmlns:xsi="http://www.w3.org/2001/XMLSchema-instance" xsi:noNamespaceSchemaLocation="https://maven.apache.org/surefire/maven-surefire-plugin/xsd/surefire-test-report.xsd" name="com.sg.guessthenumber.data.GuessDaoDatabaseTest" time="0.577" tests="2" errors="2" skipped="0" failures="0">
  <properties>
[...]
</properties>
  <testcase name="testGetGuessesByGameId" classname="com.sg.guessthenumber.data.GuessDaoDatabaseTest" time="0">
    <error message="Failed to load ApplicationContext" type="java.lang.IllegalStateException">java.lang.IllegalStateException: Failed to load ApplicationContext
Caused by: org.springframework.beans.factory.UnsatisfiedDependencyException: Error creating bean with name 'guessTheNumberController' defined in file [/Users/roycerabanal/Desktop/TSGPart2/GuessTheNumber/target/classes/com/sg/guessthenumber/controllers/GuessTheNumberController.class]: Unsatisfied dependency expressed through constructor parameter 0; nested exception is org.springframework.beans.factory.UnsatisfiedDependencyException: Error creating bean with name 'guessTheNumberServiceFileImpl' defined in file [/Users/roycerabanal/Desktop/TSGPart2/GuessTheNumber/target/classes/com/sg/guessthenumber/servicelayer/GuessTheNumberServiceFileImpl.class]: Unsatisfied dependency expressed through constructor parameter 0; nested exception is org.springframework.beans.factory.NoSuchBeanDefinitionException: No qualifying bean of type 'com.sg.guessthenumber.data.GameDao' available: expected at least 1 bean which qualifies as autowire candidate. Dependency annotations: {}
Caused by: org.springframework.beans.factory.UnsatisfiedDependencyException: Error creating bean with name 'guessTheNumberServiceFileImpl' defined in file [/Users/roycerabanal/Desktop/TSGPart2/GuessTheNumber/target/classes/com/sg/guessthenumber/servicelayer/GuessTheNumberServiceFileImpl.class]: Unsatisfied dependency expressed through constructor parameter 0; nested exception is org.springframework.beans.factory.NoSuchBeanDefinitionException: No qualifying bean of type 'com.sg.guessthenumber.data.GameDao' available: expected at least 1 bean which qualifies as autowire candidate. Dependency annotations: {}
Caused by: org.springframework.beans.factory.NoSuchBeanDefinitionException: No qualifying bean of type 'com.sg.guessthenumber.data.GameDao' available: expected at least 1 bean which qualifies as autowire candidate. Dependency annotations: {}
</error>
    <system-out><![CDATA[
  .   ____          _            __ _ _
 /\\ / ___'_ __ _ _(_)_ __  __ _ \ \ \ \
( ( )\___ | '_ | '_| | '_ \/ _` | \ \ \ \
 \\/  ___)| |_)| | | | | || (_| |  ) ) ) )
  '  |____| .__|_| |_|_| |_\__, | / / / /
 =========|_|==============|___/=/_/_/_/
 :: Spring Boot ::        (v2.1.0.RELEASE)

]]></system-out>
  </testcase>
  <testcase name="testAddGuess" classname="com.sg.guessthenumber.data.GuessDaoDatabaseTest" time="0">
    <error message="Failed to load ApplicationContext" type="java.lang.IllegalStateException">java.lang.IllegalStateException: Failed to load ApplicationContext
Caused by: org.springframework.beans.factory.UnsatisfiedDependencyException: Error creating bean with name 'guessTheNumberController' defined in file [/Users/roycerabanal/Desktop/TSGPart2/GuessTheNumber/target/classes/com/sg/guessthenumber/controllers/GuessTheNumberController.class]: Unsatisfied dependency expressed through constructor parameter 0; nested exception is org.springframework.beans.factory.UnsatisfiedDependencyException: Error creating bean with name 'guessTheNumberServiceFileImpl' defined in file [/Users/roycerabanal/Desktop/TSGPart2/GuessTheNumber/target/classes/com/sg/guessthenumber/servicelayer/GuessTheNumberServiceFileImpl.class]: Unsatisfied dependency expressed through constructor parameter 0; nested exception is org.springframework.beans.factory.NoSuchBeanDefinitionException: No qualifying bean of type 'com.sg.guessthenumber.data.GameDao' available: expected at least 1 bean which qualifies as autowire candidate. Dependency annotations: {}
Caused by: org.springframework.beans.factory.UnsatisfiedDependencyException: Error creating bean with name 'guessTheNumberServiceFileImpl' defined in file [/Users/roycerabanal/Desktop/TSGPart2/GuessTheNumber/target/classes/com/sg/guessthenumber/servicelayer/GuessTheNumberServiceFileImpl.class]: Unsatisfied dependency expressed through constructor parameter 0; nested exception is org.springframework.beans.factory.NoSuchBeanDefinitionException: No qualifying bean of type 'com.sg.guessthenumber.data.GameDao' available: expected at least 1 bean which qualifies as autowire candidate. Dependency annotations: {}
Caused by: org.springframework.beans.factory.NoSuchBeanDefinitionException: No qualifying bean of type 'com.sg.guessthenumber.data.GameDao' available: expected at least 1 bean which qualifies as autowire candidate. Dependency annotations: {}
</error>
    <system-out><![CDATA[
  .   ____          _            __ _ _
 /\\ / ___'_ __ _ _(_)_ __  __ _ \ \ \ \
( ( )\___ | '_ | '_| | '_ \/ _` | \ \ \ \
 \\/  ___)| |_)| | | | | || (_| |  ) ) ) )
  '  |____| .__|_| |_|_| |_\__, | / / / /
 =========|_|==============|___/=/_/_/_/
 :: Spring Boot ::        (v2.1.0.RELEASE)

]]></system-out>
  </testcase>
</testsuite>