<?xml version="1.0" encoding="UTF-8"?>
<testsuite xmlns:xsi="http://www.w3.org/2001/XMLSchema-instance" xsi:noNamespaceSchemaLocation="https://maven.apache.org/surefire/maven-surefire-plugin/xsd/surefire-test-report.xsd" name="com.sg.guessthenumber.data.GameDaoDatabaseTest" time="5.039" tests="4" errors="4" skipped="0" failures="0">
  <properties>
[...]
</properties>
  <testcase name="testGetAllGames" classname="com.sg.guessthenumber.data.GameDaoDatabaseTest" time="0.007">
    <error message="Failed to load ApplicationContext" type="java.lang.IllegalStateException">java.lang.IllegalStateException: Failed to load ApplicationContext
Caused by: org.springframework.beans.factory.UnsatisfiedDependencyException: Error creating bean with name 'guessTheNumberController' defined in file [/Users/roycerabanal/Desktop/TSGPart2/GuessTheNumber/target/classes/com/sg/guessthenumber/controllers/GuessTheNumberController.class]: Unsatisfied dependency expressed through constructor parameter 0; nested exception is org.springframework.beans.factory.UnsatisfiedDependencyException: Error creating bean with name 'guessTheNumberServiceFileImpl' defined in file [/Users/roycerabanal/Desktop/TSGPart2/GuessTheNumber/target/classes/com/sg/guessthenumber/servicelayer/GuessTheNumberServiceFileImpl.class]: Unsatisfied dependency expressed through constructor parameter 0; nested exception is org.springframework.beans.factory.NoSuchBeanDefinitionException: No qualifying bean of type 'com.sg.guessthenumber.data.GameDao' available: expected at least 1 bean which qualifies as autowire candidate. Dependency annotations: {}
Caused by: org.springframework.beans.factory.UnsatisfiedDependencyException: Error creating bean with name 'guessTheNumberServiceFileImpl' defined in file [/Users/roycerabanal/Desktop/TSGPart2/GuessTheNumber/target/classes/com/sg/guessthenumber/servicelayer/GuessTheNumberServiceFileImpl.class]: Unsatisfied dependency expressed through constructor parameter 0; nested exception is org.springframework.beans.factory.NoSuchBeanDefinitionException: No qualifying bean of type 'com.sg.guessthenumber.data.GameDao' available: expected at least 1 bean which qualifies as autowire candidate. Dependency annotations: {}
Caused by: org.springframework.beans.factory.NoSuchBeanDefinitionException: No qualifying bean of type 'com.sg.guessthenumber.data.GameDao' available: expected at least 1 bean which qualifies as autowire candidate. Dependency annotations: {}
</error>
    <system-out><![CDATA[16:39:09.071 [main] DEBUG org.springframework.test.context.junit4.SpringJUnit4ClassRunner - SpringJUnit4ClassRunner constructor called with [class com.sg.guessthenumber.data.GameDaoDatabaseTest]
16:39:09.076 [main] DEBUG org.springframework.test.context.BootstrapUtils - Instantiating CacheAwareContextLoaderDelegate from class [org.springframework.test.context.cache.DefaultCacheAwareContextLoaderDelegate]
16:39:09.083 [main] DEBUG org.springframework.test.context.BootstrapUtils - Instantiating BootstrapContext using constructor [public org.springframework.test.context.support.DefaultBootstrapContext(java.lang.Class,org.springframework.test.context.CacheAwareContextLoaderDelegate)]
16:39:09.103 [main] DEBUG org.springframework.test.context.BootstrapUtils - Instantiating TestContextBootstrapper for test class [com.sg.guessthenumber.data.GameDaoDatabaseTest] from class [org.springframework.boot.test.context.SpringBootTestContextBootstrapper]
16:39:09.114 [main] INFO org.springframework.boot.test.context.SpringBootTestContextBootstrapper - Neither @ContextConfiguration nor @ContextHierarchy found for test class [com.sg.guessthenumber.data.GameDaoDatabaseTest], using SpringBootContextLoader
16:39:09.118 [main] DEBUG org.springframework.test.context.support.AbstractContextLoader - Did not detect default resource location for test class [com.sg.guessthenumber.data.GameDaoDatabaseTest]: class path resource [com/sg/guessthenumber/data/GameDaoDatabaseTest-context.xml] does not exist
16:39:09.119 [main] DEBUG org.springframework.test.context.support.AbstractContextLoader - Did not detect default resource location for test class [com.sg.guessthenumber.data.GameDaoDatabaseTest]: class path resource [com/sg/guessthenumber/data/GameDaoDatabaseTestContext.groovy] does not exist
16:39:09.119 [main] INFO org.springframework.test.context.support.AbstractContextLoader - Could not detect default resource locations for test class [com.sg.guessthenumber.data.GameDaoDatabaseTest]: no resource found for suffixes {-context.xml, Context.groovy}.
16:39:09.207 [main] DEBUG org.springframework.test.context.support.ActiveProfilesUtils - Could not find an 'annotation declaring class' for annotation type [org.springframework.test.context.ActiveProfiles] and class [com.sg.guessthenumber.data.GameDaoDatabaseTest]
16:39:09.311 [main] DEBUG org.springframework.boot.test.context.SpringBootTestContextBootstrapper - @TestExecutionListeners is not present for class [com.sg.guessthenumber.data.GameDaoDatabaseTest]: using defaults.
16:39:09.312 [main] INFO org.springframework.boot.test.context.SpringBootTestContextBootstrapper - Loaded default TestExecutionListener class names from location [META-INF/spring.factories]: [org.springframework.boot.test.mock.mockito.MockitoTestExecutionListener, org.springframework.boot.test.mock.mockito.ResetMocksTestExecutionListener, org.springframework.boot.test.autoconfigure.restdocs.RestDocsTestExecutionListener, org.springframework.boot.test.autoconfigure.web.client.MockRestServiceServerResetTestExecutionListener, org.springframework.boot.test.autoconfigure.web.servlet.MockMvcPrintOnlyOnFailureTestExecutionListener, org.springframework.boot.test.autoconfigure.web.servlet.WebDriverTestExecutionListener, org.springframework.test.context.web.ServletTestExecutionListener, org.springframework.test.context.support.DirtiesContextBeforeModesTestExecutionListener, org.springframework.test.context.support.DependencyInjectionTestExecutionListener, org.springframework.test.context.support.DirtiesContextTestExecutionListener, org.springframework.test.context.transaction.TransactionalTestExecutionListener, org.springframework.test.context.jdbc.SqlScriptsTestExecutionListener]
16:39:09.324 [main] INFO org.springframework.boot.test.context.SpringBootTestContextBootstrapper - Using TestExecutionListeners: [org.springframework.test.context.web.ServletTestExecutionListener@4bd31064, org.springframework.test.context.support.DirtiesContextBeforeModesTestExecutionListener@e3c0e40, org.springframework.boot.test.mock.mockito.MockitoTestExecutionListener@329dbdbf, org.springframework.boot.test.autoconfigure.SpringBootDependencyInjectionTestExecutionListener@7354b8c5, org.springframework.test.context.support.DirtiesContextTestExecutionListener@20d7d6fb, org.springframework.test.context.transaction.TransactionalTestExecutionListener@4ef782af, org.springframework.test.context.jdbc.SqlScriptsTestExecutionListener@11d8ae8b, org.springframework.boot.test.mock.mockito.ResetMocksTestExecutionListener@479cbee5, org.springframework.boot.test.autoconfigure.restdocs.RestDocsTestExecutionListener@59e2d8e3, org.springframework.boot.test.autoconfigure.web.client.MockRestServiceServerResetTestExecutionListener@2b72cb8a, org.springframework.boot.test.autoconfigure.web.servlet.MockMvcPrintOnlyOnFailureTestExecutionListener@7f8a9499, org.springframework.boot.test.autoconfigure.web.servlet.WebDriverTestExecutionListener@5d43661b]
16:39:09.325 [main] DEBUG org.springframework.test.annotation.ProfileValueUtils - Retrieved @ProfileValueSourceConfiguration [null] for test class [com.sg.guessthenumber.data.GameDaoDatabaseTest]
16:39:09.325 [main] DEBUG org.springframework.test.annotation.ProfileValueUtils - Retrieved ProfileValueSource type [class org.springframework.test.annotation.SystemProfileValueSource] for class [com.sg.guessthenumber.data.GameDaoDatabaseTest]
16:39:09.326 [main] DEBUG org.springframework.test.annotation.ProfileValueUtils - Retrieved @ProfileValueSourceConfiguration [null] for test class [com.sg.guessthenumber.data.GameDaoDatabaseTest]
16:39:09.326 [main] DEBUG org.springframework.test.annotation.ProfileValueUtils - Retrieved ProfileValueSource type [class org.springframework.test.annotation.SystemProfileValueSource] for class [com.sg.guessthenumber.data.GameDaoDatabaseTest]
16:39:09.326 [main] DEBUG org.springframework.test.annotation.ProfileValueUtils - Retrieved @ProfileValueSourceConfiguration [null] for test class [com.sg.guessthenumber.data.GameDaoDatabaseTest]
16:39:09.327 [main] DEBUG org.springframework.test.annotation.ProfileValueUtils - Retrieved ProfileValueSource type [class org.springframework.test.annotation.SystemProfileValueSource] for class [com.sg.guessthenumber.data.GameDaoDatabaseTest]
16:39:09.331 [main] DEBUG org.springframework.test.context.support.AbstractDirtiesContextTestExecutionListener - Before test class: context [DefaultTestContext@42a15bdc testClass = GameDaoDatabaseTest, testInstance = [null], testMethod = [null], testException = [null], mergedContextConfiguration = [WebMergedContextConfiguration@44a59da3 testClass = GameDaoDatabaseTest, locations = '{}', classes = '{class com.sg.guessthenumber.TestApplicationConfiguration, class com.sg.guessthenumber.TestApplicationConfiguration}', contextInitializerClasses = '[]', activeProfiles = '{}', propertySourceLocations = '{}', propertySourceProperties = '{org.springframework.boot.test.context.SpringBootTestContextBootstrapper=true}', contextCustomizers = set[org.springframework.boot.test.context.filter.ExcludeFilterContextCustomizer@702b8b12, org.springframework.boot.test.json.DuplicateJsonObjectContextCustomizerFactory$DuplicateJsonObjectContextCustomizer@10163d6, org.springframework.boot.test.mock.mockito.MockitoContextCustomizer@0, org.springframework.boot.test.web.client.TestRestTemplateContextCustomizer@50b5ac82, org.springframework.boot.test.autoconfigure.properties.PropertyMappingContextCustomizer@0, org.springframework.boot.test.autoconfigure.web.servlet.WebDriverContextCustomizerFactory$Customizer@fba92d3], resourceBasePath = 'src/main/webapp', contextLoader = 'org.springframework.boot.test.context.SpringBootContextLoader', parent = [null]], attributes = map['org.springframework.test.context.web.ServletTestExecutionListener.activateListener' -> true]], class annotated with @DirtiesContext [false] with mode [null].
16:39:09.332 [main] DEBUG org.springframework.test.annotation.ProfileValueUtils - Retrieved @ProfileValueSourceConfiguration [null] for test class [com.sg.guessthenumber.data.GameDaoDatabaseTest]
16:39:09.332 [main] DEBUG org.springframework.test.annotation.ProfileValueUtils - Retrieved ProfileValueSource type [class org.springframework.test.annotation.SystemProfileValueSource] for class [com.sg.guessthenumber.data.GameDaoDatabaseTest]
16:39:09.401 [main] DEBUG org.springframework.test.context.support.TestPropertySourceUtils - Adding inlined properties to environment: {spring.jmx.enabled=false, org.springframework.boot.test.context.SpringBootTestContextBootstrapper=true, server.port=-1}

  .   ____          _            __ _ _
 /\\ / ___'_ __ _ _(_)_ __  __ _ \ \ \ \
( ( )\___ | '_ | '_| | '_ \/ _` | \ \ \ \
 \\/  ___)| |_)| | | | | || (_| |  ) ) ) )
  '  |____| .__|_| |_|_| |_\__, | / / / /
 =========|_|==============|___/=/_/_/_/
 :: Spring Boot ::        (v2.1.0.RELEASE)

]]></system-out>
  </testcase>
  <testcase name="testUpdateGame" classname="com.sg.guessthenumber.data.GameDaoDatabaseTest" time="0.001">
    <error message="Failed to load ApplicationContext" type="java.lang.IllegalStateException">java.lang.IllegalStateException: Failed to load ApplicationContext
Caused by: org.springframework.beans.factory.UnsatisfiedDependencyException: Error creating bean with name 'guessTheNumberController' defined in file [/Users/roycerabanal/Desktop/TSGPart2/GuessTheNumber/target/classes/com/sg/guessthenumber/controllers/GuessTheNumberController.class]: Unsatisfied dependency expressed through constructor parameter 0; nested exception is org.springframework.beans.factory.UnsatisfiedDependencyException: Error creating bean with name 'guessTheNumberServiceFileImpl' defined in file [/Users/roycerabanal/Desktop/TSGPart2/GuessTheNumber/target/classes/com/sg/guessthenumber/servicelayer/GuessTheNumberServiceFileImpl.class]: Unsatisfied dependency expressed through constructor parameter 0; nested exception is org.springframework.beans.factory.NoSuchBeanDefinitionException: No qualifying bean of type 'com.sg.guessthenumber.data.GameDao' available: expected at least 1 bean which qualifies as autowire candidate. Dependency annotations: {}
Caused by: org.springframework.beans.factory.UnsatisfiedDependencyException: Error creating bean with name 'guessTheNumberServiceFileImpl' defined in file [/Users/roycerabanal/Desktop/TSGPart2/GuessTheNumber/target/classes/com/sg/guessthenumber/servicelayer/GuessTheNumberServiceFileImpl.class]: Unsatisfied dependency expressed through constructor parameter 0; nested exception is org.springframework.beans.factory.NoSuchBeanDefinitionException: No qualifying bean of type 'com.sg.guessthenumber.data.GameDao' available: expected at least 1 bean which qualifies as autowire candidate. Dependency annotations: {}
Caused by: org.springframework.beans.factory.NoSuchBeanDefinitionException: No qualifying bean of type 'com.sg.guessthenumber.data.GameDao' available: expected at least 1 bean which qualifies as autowire candidate. Dependency annotations: {}
</error>
    <system-out><![CDATA[
  .   ____          _            __ _ _
 /\\ / ___'_ __ _ _(_)_ __  __ _ \ \ \ \
( ( )\___ | '_ | '_| | '_ \/ _` | \ \ \ \
 \\/  ___)| |_)| | | | | || (_| |  ) ) ) )
  '  |____| .__|_| |_|_| |_\__, | / / / /
 =========|_|==============|___/=/_/_/_/
 :: Spring Boot ::        (v2.1.0.RELEASE)

]]></system-out>
  </testcase>
  <testcase name="testDeleteGameById" classname="com.sg.guessthenumber.data.GameDaoDatabaseTest" time="0">
    <error message="Failed to load ApplicationContext" type="java.lang.IllegalStateException">java.lang.IllegalStateException: Failed to load ApplicationContext
Caused by: org.springframework.beans.factory.UnsatisfiedDependencyException: Error creating bean with name 'guessTheNumberController' defined in file [/Users/roycerabanal/Desktop/TSGPart2/GuessTheNumber/target/classes/com/sg/guessthenumber/controllers/GuessTheNumberController.class]: Unsatisfied dependency expressed through constructor parameter 0; nested exception is org.springframework.beans.factory.UnsatisfiedDependencyException: Error creating bean with name 'guessTheNumberServiceFileImpl' defined in file [/Users/roycerabanal/Desktop/TSGPart2/GuessTheNumber/target/classes/com/sg/guessthenumber/servicelayer/GuessTheNumberServiceFileImpl.class]: Unsatisfied dependency expressed through constructor parameter 0; nested exception is org.springframework.beans.factory.NoSuchBeanDefinitionException: No qualifying bean of type 'com.sg.guessthenumber.data.GameDao' available: expected at least 1 bean which qualifies as autowire candidate. Dependency annotations: {}
Caused by: org.springframework.beans.factory.UnsatisfiedDependencyException: Error creating bean with name 'guessTheNumberServiceFileImpl' defined in file [/Users/roycerabanal/Desktop/TSGPart2/GuessTheNumber/target/classes/com/sg/guessthenumber/servicelayer/GuessTheNumberServiceFileImpl.class]: Unsatisfied dependency expressed through constructor parameter 0; nested exception is org.springframework.beans.factory.NoSuchBeanDefinitionException: No qualifying bean of type 'com.sg.guessthenumber.data.GameDao' available: expected at least 1 bean which qualifies as autowire candidate. Dependency annotations: {}
Caused by: org.springframework.beans.factory.NoSuchBeanDefinitionException: No qualifying bean of type 'com.sg.guessthenumber.data.GameDao' available: expected at least 1 bean which qualifies as autowire candidate. Dependency annotations: {}
</error>
    <system-out><![CDATA[
  .   ____          _            __ _ _
 /\\ / ___'_ __ _ _(_)_ __  __ _ \ \ \ \
( ( )\___ | '_ | '_| | '_ \/ _` | \ \ \ \
 \\/  ___)| |_)| | | | | || (_| |  ) ) ) )
  '  |____| .__|_| |_|_| |_\__, | / / / /
 =========|_|==============|___/=/_/_/_/
 :: Spring Boot ::        (v2.1.0.RELEASE)

]]></system-out>
  </testcase>
  <testcase name="testAddGetGame" classname="com.sg.guessthenumber.data.GameDaoDatabaseTest" time="0.001">
    <error message="Failed to load ApplicationContext" type="java.lang.IllegalStateException">java.lang.IllegalStateException: Failed to load ApplicationContext
Caused by: org.springframework.beans.factory.UnsatisfiedDependencyException: Error creating bean with name 'guessTheNumberController' defined in file [/Users/roycerabanal/Desktop/TSGPart2/GuessTheNumber/target/classes/com/sg/guessthenumber/controllers/GuessTheNumberController.class]: Unsatisfied dependency expressed through constructor parameter 0; nested exception is org.springframework.beans.factory.UnsatisfiedDependencyException: Error creating bean with name 'guessTheNumberServiceFileImpl' defined in file [/Users/roycerabanal/Desktop/TSGPart2/GuessTheNumber/target/classes/com/sg/guessthenumber/servicelayer/GuessTheNumberServiceFileImpl.class]: Unsatisfied dependency expressed through constructor parameter 0; nested exception is org.springframework.beans.factory.NoSuchBeanDefinitionException: No qualifying bean of type 'com.sg.guessthenumber.data.GameDao' available: expected at least 1 bean which qualifies as autowire candidate. Dependency annotations: {}
Caused by: org.springframework.beans.factory.UnsatisfiedDependencyException: Error creating bean with name 'guessTheNumberServiceFileImpl' defined in file [/Users/roycerabanal/Desktop/TSGPart2/GuessTheNumber/target/classes/com/sg/guessthenumber/servicelayer/GuessTheNumberServiceFileImpl.class]: Unsatisfied dependency expressed through constructor parameter 0; nested exception is org.springframework.beans.factory.NoSuchBeanDefinitionException: No qualifying bean of type 'com.sg.guessthenumber.data.GameDao' available: expected at least 1 bean which qualifies as autowire candidate. Dependency annotations: {}
Caused by: org.springframework.beans.factory.NoSuchBeanDefinitionException: No qualifying bean of type 'com.sg.guessthenumber.data.GameDao' available: expected at least 1 bean which qualifies as autowire candidate. Dependency annotations: {}
</error>
    <system-out><![CDATA[
  .   ____          _            __ _ _
 /\\ / ___'_ __ _ _(_)_ __  __ _ \ \ \ \
( ( )\___ | '_ | '_| | '_ \/ _` | \ \ \ \
 \\/  ___)| |_)| | | | | || (_| |  ) ) ) )
  '  |____| .__|_| |_|_| |_\__, | / / / /
 =========|_|==============|___/=/_/_/_/
 :: Spring Boot ::        (v2.1.0.RELEASE)

]]></system-out>
  </testcase>
</testsuite>